Compiling the C compiler identification source file "CMakeCCompilerId.c" failed.
Compiler: /Library/Developer/CommandLineTools/usr/bin/cc 
Build flags: 
Id flags:  

The output was:
1
ld: library not found for -lSystem
clang: error: linker command failed with exit code 1 (use -v to see invocation)


Compiling the CXX compiler identification source file "CMakeCXXCompilerId.cpp" failed.
Compiler: /Library/Developer/CommandLineTools/usr/bin/c++ 
Build flags: 
Id flags:  

The output was:
1
ld: library not found for -lc++
clang: error: linker command failed with exit code 1 (use -v to see invocation)


Performing C++ SOURCE FILE Test COMPILER_SUPPORT_Wlogicalop failed with the following output:
Change Dir: /Users/avnukala/Desktop/CIS I /Computer-Integrated-Surgery/include/CMakeFiles/CMakeTmp

Run Build Command(s):/usr/bin/make -f Makefile cmTC_e3c6e/fast && /Library/Developer/CommandLineTools/usr/bin/make  -f CMakeFiles/cmTC_e3c6e.dir/build.make CMakeFiles/cmTC_e3c6e.dir/build
Building CXX object CMakeFiles/cmTC_e3c6e.dir/src.cxx.o
/Library/Developer/CommandLineTools/usr/bin/c++ -DCOMPILER_SUPPORT_Wlogicalop  -std=c++03 -pedantic -Wall -Wextra -Wundef -Wcast-align -Wchar-subscripts -Wnon-virtual-dtor -Wunused-local-typedefs -Wpointer-arith -Wwrite-strings -Wformat-security -Wshorten-64-to-32 -Werror -isysroot /Library/Developer/CommandLineTools/SDKs/MacOSX12.3.sdk   -Wlogical-op -MD -MT CMakeFiles/cmTC_e3c6e.dir/src.cxx.o -MF CMakeFiles/cmTC_e3c6e.dir/src.cxx.o.d -o CMakeFiles/cmTC_e3c6e.dir/src.cxx.o -c "/Users/avnukala/Desktop/CIS I /Computer-Integrated-Surgery/include/CMakeFiles/CMakeTmp/src.cxx"
error: unknown warning option '-Wlogical-op'; did you mean '-Wlong-long'? [-Werror,-Wunknown-warning-option]
make[1]: *** [CMakeFiles/cmTC_e3c6e.dir/src.cxx.o] Error 1
make: *** [cmTC_e3c6e/fast] Error 2


Source file was:
int main() { return 0; }
Performing C++ SOURCE FILE Test COMPILER_SUPPORT_wd981 failed with the following output:
Change Dir: /Users/avnukala/Desktop/CIS I /Computer-Integrated-Surgery/include/CMakeFiles/CMakeTmp

Run Build Command(s):/usr/bin/make -f Makefile cmTC_a06e9/fast && /Library/Developer/CommandLineTools/usr/bin/make  -f CMakeFiles/cmTC_a06e9.dir/build.make CMakeFiles/cmTC_a06e9.dir/build
Building CXX object CMakeFiles/cmTC_a06e9.dir/src.cxx.o
/Library/Developer/CommandLineTools/usr/bin/c++ -DCOMPILER_SUPPORT_wd981  -std=c++03 -pedantic -Wall -Wextra -Wundef -Wcast-align -Wchar-subscripts -Wnon-virtual-dtor -Wunused-local-typedefs -Wpointer-arith -Wwrite-strings -Wformat-security -Wshorten-64-to-32 -Wenum-conversion -Wc++11-extensions -Wdouble-promotion -Wshadow -Wno-psabi -Wno-variadic-macros -Wno-long-long -fno-check-new -fno-common -fstrict-aliasing -Werror -isysroot /Library/Developer/CommandLineTools/SDKs/MacOSX12.3.sdk   -wd981 -MD -MT CMakeFiles/cmTC_a06e9.dir/src.cxx.o -MF CMakeFiles/cmTC_a06e9.dir/src.cxx.o.d -o CMakeFiles/cmTC_a06e9.dir/src.cxx.o -c "/Users/avnukala/Desktop/CIS I /Computer-Integrated-Surgery/include/CMakeFiles/CMakeTmp/src.cxx"
clang: error: unknown argument: '-wd981'
make[1]: *** [CMakeFiles/cmTC_a06e9.dir/src.cxx.o] Error 1
make: *** [cmTC_a06e9/fast] Error 2


Source file was:
int main() { return 0; }
Performing C++ SOURCE FILE Test COMPILER_SUPPORT_wd2304 failed with the following output:
Change Dir: /Users/avnukala/Desktop/CIS I /Computer-Integrated-Surgery/include/CMakeFiles/CMakeTmp

Run Build Command(s):/usr/bin/make -f Makefile cmTC_f28b4/fast && /Library/Developer/CommandLineTools/usr/bin/make  -f CMakeFiles/cmTC_f28b4.dir/build.make CMakeFiles/cmTC_f28b4.dir/build
Building CXX object CMakeFiles/cmTC_f28b4.dir/src.cxx.o
/Library/Developer/CommandLineTools/usr/bin/c++ -DCOMPILER_SUPPORT_wd2304  -std=c++03 -pedantic -Wall -Wextra -Wundef -Wcast-align -Wchar-subscripts -Wnon-virtual-dtor -Wunused-local-typedefs -Wpointer-arith -Wwrite-strings -Wformat-security -Wshorten-64-to-32 -Wenum-conversion -Wc++11-extensions -Wdouble-promotion -Wshadow -Wno-psabi -Wno-variadic-macros -Wno-long-long -fno-check-new -fno-common -fstrict-aliasing -Werror -isysroot /Library/Developer/CommandLineTools/SDKs/MacOSX12.3.sdk   -wd2304 -MD -MT CMakeFiles/cmTC_f28b4.dir/src.cxx.o -MF CMakeFiles/cmTC_f28b4.dir/src.cxx.o.d -o CMakeFiles/cmTC_f28b4.dir/src.cxx.o -c "/Users/avnukala/Desktop/CIS I /Computer-Integrated-Surgery/include/CMakeFiles/CMakeTmp/src.cxx"
clang: error: unknown argument: '-wd2304'
make[1]: *** [CMakeFiles/cmTC_f28b4.dir/src.cxx.o] Error 1
make: *** [cmTC_f28b4/fast] Error 2


Source file was:
int main() { return 0; }
Performing C++ SOURCE FILE Test COMPILER_SUPPORT_STRICTANSI failed with the following output:
Change Dir: /Users/avnukala/Desktop/CIS I /Computer-Integrated-Surgery/include/CMakeFiles/CMakeTmp

Run Build Command(s):/usr/bin/make -f Makefile cmTC_d97d9/fast && /Library/Developer/CommandLineTools/usr/bin/make  -f CMakeFiles/cmTC_d97d9.dir/build.make CMakeFiles/cmTC_d97d9.dir/build
Building CXX object CMakeFiles/cmTC_d97d9.dir/src.cxx.o
/Library/Developer/CommandLineTools/usr/bin/c++ -DCOMPILER_SUPPORT_STRICTANSI  -std=c++03 -pedantic -Wall -Wextra -Wundef -Wcast-align -Wchar-subscripts -Wnon-virtual-dtor -Wunused-local-typedefs -Wpointer-arith -Wwrite-strings -Wformat-security -Wshorten-64-to-32 -Wenum-conversion -Wc++11-extensions -Wdouble-promotion -Wshadow -Wno-psabi -Wno-variadic-macros -Wno-long-long -fno-check-new -fno-common -fstrict-aliasing -Werror -isysroot /Library/Developer/CommandLineTools/SDKs/MacOSX12.3.sdk   -strict-ansi -MD -MT CMakeFiles/cmTC_d97d9.dir/src.cxx.o -MF CMakeFiles/cmTC_d97d9.dir/src.cxx.o.d -o CMakeFiles/cmTC_d97d9.dir/src.cxx.o -c "/Users/avnukala/Desktop/CIS I /Computer-Integrated-Surgery/include/CMakeFiles/CMakeTmp/src.cxx"
clang: error: unknown argument: '-strict-ansi'
make[1]: *** [CMakeFiles/cmTC_d97d9.dir/src.cxx.o] Error 1
make: *** [cmTC_d97d9/fast] Error 2


Source file was:
int main() { return 0; }
Performing C++ SOURCE FILE Test COMPILER_SUPPORT_OPENMP failed with the following output:
Change Dir: /Users/avnukala/Desktop/CIS I /Computer-Integrated-Surgery/include/CMakeFiles/CMakeTmp

Run Build Command(s):/usr/bin/make -f Makefile cmTC_c9dc3/fast && /Library/Developer/CommandLineTools/usr/bin/make  -f CMakeFiles/cmTC_c9dc3.dir/build.make CMakeFiles/cmTC_c9dc3.dir/build
Building CXX object CMakeFiles/cmTC_c9dc3.dir/src.cxx.o
/Library/Developer/CommandLineTools/usr/bin/c++ -DCOMPILER_SUPPORT_OPENMP  -std=c++03 -pedantic -Wall -Wextra -Wundef -Wcast-align -Wchar-subscripts -Wnon-virtual-dtor -Wunused-local-typedefs -Wpointer-arith -Wwrite-strings -Wformat-security -Wshorten-64-to-32 -Wenum-conversion -Wc++11-extensions -Wdouble-promotion -Wshadow -Wno-psabi -Wno-variadic-macros -Wno-long-long -fno-check-new -fno-common -fstrict-aliasing -Qunused-arguments -ansi  -isysroot /Library/Developer/CommandLineTools/SDKs/MacOSX12.3.sdk   -fopenmp -MD -MT CMakeFiles/cmTC_c9dc3.dir/src.cxx.o -MF CMakeFiles/cmTC_c9dc3.dir/src.cxx.o.d -o CMakeFiles/cmTC_c9dc3.dir/src.cxx.o -c "/Users/avnukala/Desktop/CIS I /Computer-Integrated-Surgery/include/CMakeFiles/CMakeTmp/src.cxx"
clang: error: unsupported option '-fopenmp'
make[1]: *** [CMakeFiles/cmTC_c9dc3.dir/src.cxx.o] Error 1
make: *** [cmTC_c9dc3/fast] Error 2


Source file was:
int main() { return 0; }
Looking for a Fortran compiler failed with the following output:
-- The Fortran compiler identification is unknown
CMake Error at CMakeLists.txt:2 (project):
  No CMAKE_Fortran_COMPILER could be found.

  Tell CMake where to find the compiler by setting either the environment
  variable "FC" or the CMake cache entry CMAKE_Fortran_COMPILER to the full
  path to the compiler, or to the compiler name if it is in the PATH.


-- Configuring incomplete, errors occurred!
See also "/Users/avnukala/Desktop/CIS I /Computer-Integrated-Surgery/include/test/CMakeFiles/CheckFortran/CMakeFiles/CMakeOutput.log".
See also "/Users/avnukala/Desktop/CIS I /Computer-Integrated-Surgery/include/test/CMakeFiles/CheckFortran/CMakeFiles/CMakeError.log".

